<?xml version="1.0" encoding="UTF-8"?>
<!-- Generated by org.testng.reporters.JUnitReportReporter -->
<testsuite hostname="IN-VKAPPALI-MBP.local" failures="0" tests="2" name="SDET_Assessment.SDET_Assessment.FlightBookingAssessment" time="13.963" errors="0" timestamp="12 May 2023 20:47:50 GMT" skipped="0">
  <testcase classname="SDET_Assessment.SDET_Assessment.FlightBookingAssessment" name="verifyFlightBooking" time="7.507"/>
  <testcase classname="SDET_Assessment.SDET_Assessment.FlightBookingAssessment" name="VerifyLogo" time="6.456"/>
</testsuite> <!-- SDET_Assessment.SDET_Assessment.FlightBookingAssessment -->
